<?xml version="1.0" encoding="UTF-8"?>
<!-- Generated by org.testng.reporters.JUnitReportReporter -->
<testsuite skipped="0" hostname="CDC2-D-CH3QXJ2" name="demo.GoogleDemo" tests="1" failures="0" timestamp="12 Nov 2019 06:46:46 GMT" time="20.415" errors="0">
  <testcase name="f" time="20.415" classname="demo.GoogleDemo"/>
</testsuite> <!-- demo.GoogleDemo -->
